<?xml version="1.0" encoding="UTF-8"?>
<Site BuildName="Linux-g++-9"
	BuildStamp="20200901-1540-Experimental"
	Name="baes-pc"
	Generator="ctest-3.16.3"
	CompilerName="/bin/g++-9"
	CompilerVersion="9.3.0"
	OSName="Linux"
	Hostname="baes-pc"
	OSRelease="5.4.0-42-generic"
	OSVersion="#46-Ubuntu SMP Fri Jul 10 00:24:02 UTC 2020"
	OSPlatform="x86_64"
	Is64Bits="1"
	VendorString="GenuineIntel"
	VendorID="Intel Corporation"
	FamilyID="6"
	ModelID="165"
	ProcessorCacheSize="12288"
	NumberOfLogicalCPU="6"
	NumberOfPhysicalCPU="6"
	TotalVirtualMemory="2047"
	TotalPhysicalMemory="15772"
	LogicalProcessorsPerPhysical="1"
	ProcessorClockFrequency="2600"
	>
	<Testing>
		<StartDateTime>Sep 01 17:40 CEST</StartDateTime>
		<StartTestTime>1598974814</StartTestTime>
		<TestList/>
		<EndDateTime>Sep 01 17:40 CEST</EndDateTime>
		<EndTestTime>1598974814</EndTestTime>
		<ElapsedMinutes>0</ElapsedMinutes>
	</Testing>
</Site>
